Terminals unused in grammar

    SUBTRAIR
    DIVIDIR
    MULTIPLICAR
    ABRE_PARENTESES
    FECHA_PARENTESES
    NUMERO


Grammar

    0 $accept: programa $end

    1 programa: ε
    2         | programa bloco

    3 bloco: ato
    4      | cena
    5      | dialogo
    6      | declaracao
    7      | alteracaoElenco

    8 texto: palavra
    9      | texto palavra

   10 palavra: TOKEN
   11        | ADJETIVO_POSITIVO
   12        | SOMAR
   13        | ENTRAM
   14        | SAEM
   15        | TODOS

   16 adjetivos: ADJETIVO_POSITIVO
   17          | ADJETIVO_NEGATIVO
   18          | TOKEN
   19          | adjetivos ADJETIVO_POSITIVO
   20          | adjetivos ADJETIVO_NEGATIVO
   21          | adjetivos TOKEN

   22 declaracao: declaracaoInicio texto FIM

   23 declaracaoInicio: texto VIRGULA

   24 alteracaoElenco: ABRE_COLCHETES texto FECHA_COLCHETES

   25 dialogo: inicioDialogo texto FIM
   26        | inicioDialogo texto VIRGULA TU EH adjetivos FIM

   27 inicioDialogo: texto INICIO

   28 ato: ATO

   29 cena: CENA


Terminals, with rules where they appear

    $end (0) 0
    error (256)
    SAEM <texto> (258) 14
    ENTRAM <texto> (259) 13
    TODOS <texto> (260) 15
    SOMAR <texto> (261) 12
    SUBTRAIR <texto> (262)
    DIVIDIR <texto> (263)
    MULTIPLICAR <texto> (264)
    INICIO <texto> (265) 27
    FIM <texto> (266) 22 25 26
    ABRE_COLCHETES <texto> (267) 24
    FECHA_COLCHETES <texto> (268) 24
    ABRE_PARENTESES <texto> (269)
    FECHA_PARENTESES <texto> (270)
    NUMERO <texto> (271)
    VIRGULA <texto> (272) 23 26
    TOKEN <texto> (273) 10 18 21
    ADJETIVO_POSITIVO <texto> (274) 11 16 19
    ADJETIVO_NEGATIVO <texto> (275) 17 20
    TU <texto> (276) 26
    EH <texto> (277) 26
    ATO <inteiro> (278) 28
    CENA <inteiro> (279) 29


Nonterminals, with rules where they appear

    $accept (25)
        on left: 0
    programa (26)
        on left: 1 2
        on right: 0 2
    bloco <texto> (27)
        on left: 3 4 5 6 7
        on right: 2
    texto <texto> (28)
        on left: 8 9
        on right: 9 22 23 24 25 26 27
    palavra <texto> (29)
        on left: 10 11 12 13 14 15
        on right: 8 9
    adjetivos <inteiro> (30)
        on left: 16 17 18 19 20 21
        on right: 19 20 21 26
    declaracao <texto> (31)
        on left: 22
        on right: 6
    declaracaoInicio <texto> (32)
        on left: 23
        on right: 22
    alteracaoElenco (33)
        on left: 24
        on right: 7
    dialogo <texto> (34)
        on left: 25 26
        on right: 5
    inicioDialogo <texto> (35)
        on left: 27
        on right: 25 26
    ato <texto> (36)
        on left: 28
        on right: 3
    cena <texto> (37)
        on left: 29
        on right: 4


State 0

    0 $accept: • programa $end

    $default  reduce using rule 1 (programa)

    programa  go to state 1


State 1

    0 $accept: programa • $end
    2 programa: programa • bloco

    $end               shift, and go to state 2
    SAEM               shift, and go to state 3
    ENTRAM             shift, and go to state 4
    TODOS              shift, and go to state 5
    SOMAR              shift, and go to state 6
    ABRE_COLCHETES     shift, and go to state 7
    TOKEN              shift, and go to state 8
    ADJETIVO_POSITIVO  shift, and go to state 9
    ATO                shift, and go to state 10
    CENA               shift, and go to state 11

    bloco             go to state 12
    texto             go to state 13
    palavra           go to state 14
    declaracao        go to state 15
    declaracaoInicio  go to state 16
    alteracaoElenco   go to state 17
    dialogo           go to state 18
    inicioDialogo     go to state 19
    ato               go to state 20
    cena              go to state 21


State 2

    0 $accept: programa $end •

    $default  accept


State 3

   14 palavra: SAEM •

    $default  reduce using rule 14 (palavra)


State 4

   13 palavra: ENTRAM •

    $default  reduce using rule 13 (palavra)


State 5

   15 palavra: TODOS •

    $default  reduce using rule 15 (palavra)


State 6

   12 palavra: SOMAR •

    $default  reduce using rule 12 (palavra)


State 7

   24 alteracaoElenco: ABRE_COLCHETES • texto FECHA_COLCHETES

    SAEM               shift, and go to state 3
    ENTRAM             shift, and go to state 4
    TODOS              shift, and go to state 5
    SOMAR              shift, and go to state 6
    TOKEN              shift, and go to state 8
    ADJETIVO_POSITIVO  shift, and go to state 9

    texto    go to state 22
    palavra  go to state 14


State 8

   10 palavra: TOKEN •

    $default  reduce using rule 10 (palavra)


State 9

   11 palavra: ADJETIVO_POSITIVO •

    $default  reduce using rule 11 (palavra)


State 10

   28 ato: ATO •

    $default  reduce using rule 28 (ato)


State 11

   29 cena: CENA •

    $default  reduce using rule 29 (cena)


State 12

    2 programa: programa bloco •

    $default  reduce using rule 2 (programa)


State 13

    9 texto: texto • palavra
   23 declaracaoInicio: texto • VIRGULA
   27 inicioDialogo: texto • INICIO

    SAEM               shift, and go to state 3
    ENTRAM             shift, and go to state 4
    TODOS              shift, and go to state 5
    SOMAR              shift, and go to state 6
    INICIO             shift, and go to state 23
    VIRGULA            shift, and go to state 24
    TOKEN              shift, and go to state 8
    ADJETIVO_POSITIVO  shift, and go to state 9

    palavra  go to state 25


State 14

    8 texto: palavra •

    $default  reduce using rule 8 (texto)


State 15

    6 bloco: declaracao •

    $default  reduce using rule 6 (bloco)


State 16

   22 declaracao: declaracaoInicio • texto FIM

    SAEM               shift, and go to state 3
    ENTRAM             shift, and go to state 4
    TODOS              shift, and go to state 5
    SOMAR              shift, and go to state 6
    TOKEN              shift, and go to state 8
    ADJETIVO_POSITIVO  shift, and go to state 9

    texto    go to state 26
    palavra  go to state 14


State 17

    7 bloco: alteracaoElenco •

    $default  reduce using rule 7 (bloco)


State 18

    5 bloco: dialogo •

    $default  reduce using rule 5 (bloco)


State 19

   25 dialogo: inicioDialogo • texto FIM
   26        | inicioDialogo • texto VIRGULA TU EH adjetivos FIM

    SAEM               shift, and go to state 3
    ENTRAM             shift, and go to state 4
    TODOS              shift, and go to state 5
    SOMAR              shift, and go to state 6
    TOKEN              shift, and go to state 8
    ADJETIVO_POSITIVO  shift, and go to state 9

    texto    go to state 27
    palavra  go to state 14


State 20

    3 bloco: ato •

    $default  reduce using rule 3 (bloco)


State 21

    4 bloco: cena •

    $default  reduce using rule 4 (bloco)


State 22

    9 texto: texto • palavra
   24 alteracaoElenco: ABRE_COLCHETES texto • FECHA_COLCHETES

    SAEM               shift, and go to state 3
    ENTRAM             shift, and go to state 4
    TODOS              shift, and go to state 5
    SOMAR              shift, and go to state 6
    FECHA_COLCHETES    shift, and go to state 28
    TOKEN              shift, and go to state 8
    ADJETIVO_POSITIVO  shift, and go to state 9

    palavra  go to state 25


State 23

   27 inicioDialogo: texto INICIO •

    $default  reduce using rule 27 (inicioDialogo)


State 24

   23 declaracaoInicio: texto VIRGULA •

    $default  reduce using rule 23 (declaracaoInicio)


State 25

    9 texto: texto palavra •

    $default  reduce using rule 9 (texto)


State 26

    9 texto: texto • palavra
   22 declaracao: declaracaoInicio texto • FIM

    SAEM               shift, and go to state 3
    ENTRAM             shift, and go to state 4
    TODOS              shift, and go to state 5
    SOMAR              shift, and go to state 6
    FIM                shift, and go to state 29
    TOKEN              shift, and go to state 8
    ADJETIVO_POSITIVO  shift, and go to state 9

    palavra  go to state 25


State 27

    9 texto: texto • palavra
   25 dialogo: inicioDialogo texto • FIM
   26        | inicioDialogo texto • VIRGULA TU EH adjetivos FIM

    SAEM               shift, and go to state 3
    ENTRAM             shift, and go to state 4
    TODOS              shift, and go to state 5
    SOMAR              shift, and go to state 6
    FIM                shift, and go to state 30
    VIRGULA            shift, and go to state 31
    TOKEN              shift, and go to state 8
    ADJETIVO_POSITIVO  shift, and go to state 9

    palavra  go to state 25


State 28

   24 alteracaoElenco: ABRE_COLCHETES texto FECHA_COLCHETES •

    $default  reduce using rule 24 (alteracaoElenco)


State 29

   22 declaracao: declaracaoInicio texto FIM •

    $default  reduce using rule 22 (declaracao)


State 30

   25 dialogo: inicioDialogo texto FIM •

    $default  reduce using rule 25 (dialogo)


State 31

   26 dialogo: inicioDialogo texto VIRGULA • TU EH adjetivos FIM

    TU  shift, and go to state 32


State 32

   26 dialogo: inicioDialogo texto VIRGULA TU • EH adjetivos FIM

    EH  shift, and go to state 33


State 33

   26 dialogo: inicioDialogo texto VIRGULA TU EH • adjetivos FIM

    TOKEN              shift, and go to state 34
    ADJETIVO_POSITIVO  shift, and go to state 35
    ADJETIVO_NEGATIVO  shift, and go to state 36

    adjetivos  go to state 37


State 34

   18 adjetivos: TOKEN •

    $default  reduce using rule 18 (adjetivos)


State 35

   16 adjetivos: ADJETIVO_POSITIVO •

    $default  reduce using rule 16 (adjetivos)


State 36

   17 adjetivos: ADJETIVO_NEGATIVO •

    $default  reduce using rule 17 (adjetivos)


State 37

   19 adjetivos: adjetivos • ADJETIVO_POSITIVO
   20          | adjetivos • ADJETIVO_NEGATIVO
   21          | adjetivos • TOKEN
   26 dialogo: inicioDialogo texto VIRGULA TU EH adjetivos • FIM

    FIM                shift, and go to state 38
    TOKEN              shift, and go to state 39
    ADJETIVO_POSITIVO  shift, and go to state 40
    ADJETIVO_NEGATIVO  shift, and go to state 41


State 38

   26 dialogo: inicioDialogo texto VIRGULA TU EH adjetivos FIM •

    $default  reduce using rule 26 (dialogo)


State 39

   21 adjetivos: adjetivos TOKEN •

    $default  reduce using rule 21 (adjetivos)


State 40

   19 adjetivos: adjetivos ADJETIVO_POSITIVO •

    $default  reduce using rule 19 (adjetivos)


State 41

   20 adjetivos: adjetivos ADJETIVO_NEGATIVO •

    $default  reduce using rule 20 (adjetivos)
