Terminals unused in grammar

    ENTAO


State 13 conflicts: 10 shift/reduce
State 20 conflicts: 2 shift/reduce
State 41 conflicts: 1 shift/reduce
State 72 conflicts: 1 shift/reduce
State 87 conflicts: 1 shift/reduce
State 88 conflicts: 1 shift/reduce
State 168 conflicts: 2 reduce/reduce
State 175 conflicts: 7 shift/reduce
State 193 conflicts: 2 shift/reduce


Grammar

    0 $accept: programa $end

    1 programa: ε
    2         | programa bloco

    3 bloco: instrucao
    4      | bloco instrucao

    5 instrucao: ato
    6          | cena
    7          | dialogo
    8          | declaracao
    9          | declaracaoCenario
   10          | declaracaoQuestionamento
   11          | concatenarCenario
   12          | substituiCenario
   13          | trocarCenario
   14          | alteracaoElenco
   15          | if_sentenca
   16          | if_bloco
   17          | while
   18          | personagensEntrando

   19 declaracaoCenario: ABRE_PARENTESES texto VIRGULA texto FECHA_PARENTESES

   20 concatenarCenario: ADICIONAR_CENARIO INICIO texto FIM

   21 substituiCenario: SUBSTITUIR_CENARIO texto POR texto NO_CENARIO FIM

   22 trocarCenario: inicioDialogo VOLTAR_CENARIO ARTIGO texto FIM

   23 declaracaoQuestionamento: texto INTERROGACAO NAO FIM
   24                         | texto INTERROGACAO SIM FIM
   25                         | texto INTERROGACAO

   26 texto: palavra
   27      | texto NUMERO
   28      | texto palavra

   29 palavra: TOKEN

   30 adjetivos: ADJETIVO_POSITIVO
   31          | ADJETIVO_NEGATIVO
   32          | TOKEN
   33          | adjetivos ADJETIVO_POSITIVO
   34          | adjetivos ADJETIVO_NEGATIVO
   35          | adjetivos TOKEN
   36          | adjetivos ENTRE

   37 declaracao: declaracaoInicio texto FIM

   38 declaracaoInicio: texto VIRGULA

   39 personagensEntrando: texto
   40                    | personagensEntrando VIRGULA texto
   41                    | personagensEntrando E texto

   42 personagensSaindo: texto
   43                  | personagensSaindo VIRGULA texto
   44                  | personagensSaindo E texto

   45 alteracaoElenco: ABRE_COLCHETES ENTRAM personagensEntrando FECHA_COLCHETES
   46                | ABRE_COLCHETES SAEM personagensSaindo FECHA_COLCHETES
   47                | ABRE_COLCHETES TODOS SAEM FECHA_COLCHETES

   48 personagem: EU
   49           | VOCE
   50           | texto

   51 valor: NUMERO
   52      | TU MESMO
   53      | EU
   54      | VOCE
   55      | O_TAMANHO_DE texto
   56      | texto

   57 expressao: valor
   58          | ARTIGO SOMAR ENTRE valor E valor
   59          | ARTIGO SUBTRAIR ENTRE valor E valor
   60          | ARTIGO MULTIPLICAR ENTRE valor E valor
   61          | ARTIGO DIVIDIR ENTRE valor E valor

   62 if_sentenca: SE condicao VIRGULA personagem SERA expressao
   63            | SE condicao VIRGULA personagem IF_MOSTRA_VALOR
   64            | SE condicao VIRGULA personagem IF_LE_VALOR

   65 $@1: ε

   66 if_bloco: SE condicao VIRGULA texto INICIO $@1 bloco ENDIF

   67 $@2: ε

   68 $@3: ε

   69 while: ENQUANTO_COMECO $@2 condicao VIRGULA texto INICIO $@3 bloco texto ENQUANTO_FIM FIM

   70 $@4: ε

   71 while: FACA VIRGULA texto INICIO $@4 bloco ENQUANTO_COMECO condicao VIRGULA texto FIM

   72 condicao: expressao FOR MAIOR expressao
   73         | expressao FOR MAIOR_IGUAL expressao
   74         | expressao FOR MENOR expressao
   75         | expressao FOR MENOR_IGUAL expressao
   76         | expressao FOR IGUAL expressao
   77         | expressao NAO FOR MENOR expressao
   78         | expressao NAO FOR MAIOR expressao
   79         | expressao NAO FOR IGUAL expressao

   80 dialogo: inicioDialogo MOSTRAR_CENARIO
   81        | inicioDialogo if_sentenca FIM
   82        | inicioDialogo texto FIM
   83        | inicioDialogo texto VIRGULA TU EH expressao FIM
   84        | inicioDialogo texto VIRGULA TU EH adjetivos FIM
   85        | inicioDialogo texto VIRGULA MOSTRA_VALOR FIM
   86        | inicioDialogo texto VIRGULA LE_VALOR FIM
   87        | inicioDialogo texto VIRGULA GUARDE texto INTERIOR FIM
   88        | inicioDialogo texto VIRGULA LEMBRE texto FIM

   89 inicioDialogo: texto INICIO

   90 ato: ATO

   91 cena: CENA


Terminals, with rules where they appear

    $end (0) 0
    error (256)
    FACA <texto> (258) 71
    ENDIF <texto> (259) 66
    ENQUANTO_COMECO <texto> (260) 69 71
    ENQUANTO_FIM <texto> (261) 69
    MAIOR <texto> (262) 72 78
    MAIOR_IGUAL <texto> (263) 73
    MENOR <texto> (264) 74 77
    MENOR_IGUAL <texto> (265) 75
    IGUAL <texto> (266) 76 79
    NAO <texto> (267) 23 77 78 79
    FOR <texto> (268) 72 73 74 75 76 77 78 79
    ENTAO <texto> (269)
    EU <texto> (270) 48 53
    SE <texto> (271) 62 63 64 66
    SAEM <texto> (272) 46 47
    ENTRAM <texto> (273) 45
    TODOS <texto> (274) 47
    SOMAR <texto> (275) 58
    SUBTRAIR <texto> (276) 59
    DIVIDIR <texto> (277) 61
    MULTIPLICAR <texto> (278) 60
    INICIO <texto> (279) 20 66 69 71 89
    FIM <texto> (280) 20 21 22 23 24 37 69 71 81 82 83 84 85 86 87 88
    SIM <texto> (281) 24
    INTERROGACAO <texto> (282) 23 24 25
    ABRE_COLCHETES <texto> (283) 45 46 47
    FECHA_COLCHETES <texto> (284) 45 46 47
    VOLTAR_CENARIO <texto> (285) 22
    VOCE <texto> (286) 49 54
    ABRE_PARENTESES <texto> (287) 19
    FECHA_PARENTESES <texto> (288) 19
    VIRGULA <texto> (289) 19 38 40 43 62 63 64 66 69 71 83 84 85 86 87 88
    SERA <texto> (290) 62
    TOKEN <texto> (291) 29 32 35
    ADJETIVO_POSITIVO <texto> (292) 30 33
    ADJETIVO_NEGATIVO <texto> (293) 31 34
    TU <texto> (294) 52 83 84
    EH <texto> (295) 83 84
    E <texto> (296) 41 44 58 59 60 61
    ENTRE <texto> (297) 36 58 59 60 61
    ARTIGO <texto> (298) 22 58 59 60 61
    MESMO <texto> (299) 52
    NUMERO <texto> (300) 27 51
    ADICIONAR_CENARIO <texto> (301) 20
    SUBSTITUIR_CENARIO <texto> (302) 21
    POR <texto> (303) 21
    NO_CENARIO <texto> (304) 21
    MOSTRAR_CENARIO <texto> (305) 80
    MOSTRA_VALOR <texto> (306) 85
    LE_VALOR <texto> (307) 86
    GUARDE <texto> (308) 87
    INTERIOR <texto> (309) 87
    LEMBRE <texto> (310) 88
    IF_MOSTRA_VALOR <text> (311) 63
    IF_LE_VALOR <text> (312) 64
    O_TAMANHO_DE <text> (313) 55
    ATO <inteiro> (314) 90
    CENA <inteiro> (315) 91


Nonterminals, with rules where they appear

    $accept (61)
        on left: 0
    programa (62)
        on left: 1 2
        on right: 0 2
    bloco <texto> (63)
        on left: 3 4
        on right: 2 4 66 69 71
    instrucao (64)
        on left: 5 6 7 8 9 10 11 12 13 14 15 16 17 18
        on right: 3 4
    declaracaoCenario (65)
        on left: 19
        on right: 9
    concatenarCenario (66)
        on left: 20
        on right: 11
    substituiCenario (67)
        on left: 21
        on right: 12
    trocarCenario (68)
        on left: 22
        on right: 13
    declaracaoQuestionamento (69)
        on left: 23 24 25
        on right: 10
    texto <texto> (70)
        on left: 26 27 28
        on right: 19 20 21 22 23 24 25 27 28 37 38 39 40 41 42 43 44 50 55 56 66 69 71 82 83 84 85 86 87 88 89
    palavra <texto> (71)
        on left: 29
        on right: 26 28
    adjetivos <inteiro> (72)
        on left: 30 31 32 33 34 35 36
        on right: 33 34 35 36 84
    declaracao <texto> (73)
        on left: 37
        on right: 8
    declaracaoInicio <texto> (74)
        on left: 38
        on right: 37
    personagensEntrando (75)
        on left: 39 40 41
        on right: 18 40 41 45
    personagensSaindo (76)
        on left: 42 43 44
        on right: 43 44 46
    alteracaoElenco (77)
        on left: 45 46 47
        on right: 14
    personagem <texto> (78)
        on left: 48 49 50
        on right: 62 63 64
    valor <llmValueRef> (79)
        on left: 51 52 53 54 55 56
        on right: 57 58 59 60 61
    expressao <llmValueRef> (80)
        on left: 57 58 59 60 61
        on right: 62 72 73 74 75 76 77 78 79 83
    if_sentenca <inteiro> (81)
        on left: 62 63 64
        on right: 15 81
    if_bloco (82)
        on left: 66
        on right: 16
    $@1 (83)
        on left: 65
        on right: 66
    while <inteiro> (84)
        on left: 69 71
        on right: 17
    $@2 (85)
        on left: 67
        on right: 69
    $@3 (86)
        on left: 68
        on right: 69
    $@4 (87)
        on left: 70
        on right: 71
    condicao <llmValueRef> (88)
        on left: 72 73 74 75 76 77 78 79
        on right: 62 63 64 66 69 71
    dialogo <texto> (89)
        on left: 80 81 82 83 84 85 86 87 88
        on right: 7
    inicioDialogo <texto> (90)
        on left: 89
        on right: 22 80 81 82 83 84 85 86 87 88
    ato <texto> (91)
        on left: 90
        on right: 5
    cena <texto> (92)
        on left: 91
        on right: 6


State 0

    0 $accept: • programa $end

    $default  reduce using rule 1 (programa)

    programa  go to state 1


State 1

    0 $accept: programa • $end
    2 programa: programa • bloco

    $end                shift, and go to state 2
    FACA                shift, and go to state 3
    ENQUANTO_COMECO     shift, and go to state 4
    SE                  shift, and go to state 5
    ABRE_COLCHETES      shift, and go to state 6
    ABRE_PARENTESES     shift, and go to state 7
    TOKEN               shift, and go to state 8
    ADICIONAR_CENARIO   shift, and go to state 9
    SUBSTITUIR_CENARIO  shift, and go to state 10
    ATO                 shift, and go to state 11
    CENA                shift, and go to state 12

    bloco                     go to state 13
    instrucao                 go to state 14
    declaracaoCenario         go to state 15
    concatenarCenario         go to state 16
    substituiCenario          go to state 17
    trocarCenario             go to state 18
    declaracaoQuestionamento  go to state 19
    texto                     go to state 20
    palavra                   go to state 21
    declaracao                go to state 22
    declaracaoInicio          go to state 23
    personagensEntrando       go to state 24
    alteracaoElenco           go to state 25
    if_sentenca               go to state 26
    if_bloco                  go to state 27
    while                     go to state 28
    dialogo                   go to state 29
    inicioDialogo             go to state 30
    ato                       go to state 31
    cena                      go to state 32


State 2

    0 $accept: programa $end •

    $default  accept


State 3

   71 while: FACA • VIRGULA texto INICIO $@4 bloco ENQUANTO_COMECO condicao VIRGULA texto FIM

    VIRGULA  shift, and go to state 33


State 4

   69 while: ENQUANTO_COMECO • $@2 condicao VIRGULA texto INICIO $@3 bloco texto ENQUANTO_FIM FIM

    $default  reduce using rule 67 ($@2)

    $@2  go to state 34


State 5

   62 if_sentenca: SE • condicao VIRGULA personagem SERA expressao
   63            | SE • condicao VIRGULA personagem IF_MOSTRA_VALOR
   64            | SE • condicao VIRGULA personagem IF_LE_VALOR
   66 if_bloco: SE • condicao VIRGULA texto INICIO $@1 bloco ENDIF

    EU            shift, and go to state 35
    VOCE          shift, and go to state 36
    TOKEN         shift, and go to state 8
    TU            shift, and go to state 37
    ARTIGO        shift, and go to state 38
    NUMERO        shift, and go to state 39
    O_TAMANHO_DE  shift, and go to state 40

    texto      go to state 41
    palavra    go to state 21
    valor      go to state 42
    expressao  go to state 43
    condicao   go to state 44


State 6

   45 alteracaoElenco: ABRE_COLCHETES • ENTRAM personagensEntrando FECHA_COLCHETES
   46                | ABRE_COLCHETES • SAEM personagensSaindo FECHA_COLCHETES
   47                | ABRE_COLCHETES • TODOS SAEM FECHA_COLCHETES

    SAEM    shift, and go to state 45
    ENTRAM  shift, and go to state 46
    TODOS   shift, and go to state 47


State 7

   19 declaracaoCenario: ABRE_PARENTESES • texto VIRGULA texto FECHA_PARENTESES

    TOKEN  shift, and go to state 8

    texto    go to state 48
    palavra  go to state 21


State 8

   29 palavra: TOKEN •

    $default  reduce using rule 29 (palavra)


State 9

   20 concatenarCenario: ADICIONAR_CENARIO • INICIO texto FIM

    INICIO  shift, and go to state 49


State 10

   21 substituiCenario: SUBSTITUIR_CENARIO • texto POR texto NO_CENARIO FIM

    TOKEN  shift, and go to state 8

    texto    go to state 50
    palavra  go to state 21


State 11

   90 ato: ATO •

    $default  reduce using rule 90 (ato)


State 12

   91 cena: CENA •

    $default  reduce using rule 91 (cena)


State 13

    2 programa: programa bloco •
    4 bloco: bloco • instrucao

    FACA                shift, and go to state 3
    ENQUANTO_COMECO     shift, and go to state 4
    SE                  shift, and go to state 5
    ABRE_COLCHETES      shift, and go to state 6
    ABRE_PARENTESES     shift, and go to state 7
    TOKEN               shift, and go to state 8
    ADICIONAR_CENARIO   shift, and go to state 9
    SUBSTITUIR_CENARIO  shift, and go to state 10
    ATO                 shift, and go to state 11
    CENA                shift, and go to state 12

    FACA                [reduce using rule 2 (programa)]
    ENQUANTO_COMECO     [reduce using rule 2 (programa)]
    SE                  [reduce using rule 2 (programa)]
    ABRE_COLCHETES      [reduce using rule 2 (programa)]
    ABRE_PARENTESES     [reduce using rule 2 (programa)]
    TOKEN               [reduce using rule 2 (programa)]
    ADICIONAR_CENARIO   [reduce using rule 2 (programa)]
    SUBSTITUIR_CENARIO  [reduce using rule 2 (programa)]
    ATO                 [reduce using rule 2 (programa)]
    CENA                [reduce using rule 2 (programa)]
    $default            reduce using rule 2 (programa)

    instrucao                 go to state 51
    declaracaoCenario         go to state 15
    concatenarCenario         go to state 16
    substituiCenario          go to state 17
    trocarCenario             go to state 18
    declaracaoQuestionamento  go to state 19
    texto                     go to state 20
    palavra                   go to state 21
    declaracao                go to state 22
    declaracaoInicio          go to state 23
    personagensEntrando       go to state 24
    alteracaoElenco           go to state 25
    if_sentenca               go to state 26
    if_bloco                  go to state 27
    while                     go to state 28
    dialogo                   go to state 29
    inicioDialogo             go to state 30
    ato                       go to state 31
    cena                      go to state 32


State 14

    3 bloco: instrucao •

    $default  reduce using rule 3 (bloco)


State 15

    9 instrucao: declaracaoCenario •

    $default  reduce using rule 9 (instrucao)


State 16

   11 instrucao: concatenarCenario •

    $default  reduce using rule 11 (instrucao)


State 17

   12 instrucao: substituiCenario •

    $default  reduce using rule 12 (instrucao)


State 18

   13 instrucao: trocarCenario •

    $default  reduce using rule 13 (instrucao)


State 19

   10 instrucao: declaracaoQuestionamento •

    $default  reduce using rule 10 (instrucao)


State 20

   23 declaracaoQuestionamento: texto • INTERROGACAO NAO FIM
   24                         | texto • INTERROGACAO SIM FIM
   25                         | texto • INTERROGACAO
   27 texto: texto • NUMERO
   28      | texto • palavra
   38 declaracaoInicio: texto • VIRGULA
   39 personagensEntrando: texto •
   89 inicioDialogo: texto • INICIO

    INICIO        shift, and go to state 52
    INTERROGACAO  shift, and go to state 53
    VIRGULA       shift, and go to state 54
    TOKEN         shift, and go to state 8
    NUMERO        shift, and go to state 55

    VIRGULA   [reduce using rule 39 (personagensEntrando)]
    TOKEN     [reduce using rule 39 (personagensEntrando)]
    $default  reduce using rule 39 (personagensEntrando)

    palavra  go to state 56


State 21

   26 texto: palavra •

    $default  reduce using rule 26 (texto)


State 22

    8 instrucao: declaracao •

    $default  reduce using rule 8 (instrucao)


State 23

   37 declaracao: declaracaoInicio • texto FIM

    TOKEN  shift, and go to state 8

    texto    go to state 57
    palavra  go to state 21


State 24

   18 instrucao: personagensEntrando •
   40 personagensEntrando: personagensEntrando • VIRGULA texto
   41                    | personagensEntrando • E texto

    VIRGULA  shift, and go to state 58
    E        shift, and go to state 59

    $default  reduce using rule 18 (instrucao)


State 25

   14 instrucao: alteracaoElenco •

    $default  reduce using rule 14 (instrucao)


State 26

   15 instrucao: if_sentenca •

    $default  reduce using rule 15 (instrucao)


State 27

   16 instrucao: if_bloco •

    $default  reduce using rule 16 (instrucao)


State 28

   17 instrucao: while •

    $default  reduce using rule 17 (instrucao)


State 29

    7 instrucao: dialogo •

    $default  reduce using rule 7 (instrucao)


State 30

   22 trocarCenario: inicioDialogo • VOLTAR_CENARIO ARTIGO texto FIM
   80 dialogo: inicioDialogo • MOSTRAR_CENARIO
   81        | inicioDialogo • if_sentenca FIM
   82        | inicioDialogo • texto FIM
   83        | inicioDialogo • texto VIRGULA TU EH expressao FIM
   84        | inicioDialogo • texto VIRGULA TU EH adjetivos FIM
   85        | inicioDialogo • texto VIRGULA MOSTRA_VALOR FIM
   86        | inicioDialogo • texto VIRGULA LE_VALOR FIM
   87        | inicioDialogo • texto VIRGULA GUARDE texto INTERIOR FIM
   88        | inicioDialogo • texto VIRGULA LEMBRE texto FIM

    SE               shift, and go to state 60
    VOLTAR_CENARIO   shift, and go to state 61
    TOKEN            shift, and go to state 8
    MOSTRAR_CENARIO  shift, and go to state 62

    texto        go to state 63
    palavra      go to state 21
    if_sentenca  go to state 64


State 31

    5 instrucao: ato •

    $default  reduce using rule 5 (instrucao)


State 32

    6 instrucao: cena •

    $default  reduce using rule 6 (instrucao)


State 33

   71 while: FACA VIRGULA • texto INICIO $@4 bloco ENQUANTO_COMECO condicao VIRGULA texto FIM

    TOKEN  shift, and go to state 8

    texto    go to state 65
    palavra  go to state 21


State 34

   69 while: ENQUANTO_COMECO $@2 • condicao VIRGULA texto INICIO $@3 bloco texto ENQUANTO_FIM FIM

    EU            shift, and go to state 35
    VOCE          shift, and go to state 36
    TOKEN         shift, and go to state 8
    TU            shift, and go to state 37
    ARTIGO        shift, and go to state 38
    NUMERO        shift, and go to state 39
    O_TAMANHO_DE  shift, and go to state 40

    texto      go to state 41
    palavra    go to state 21
    valor      go to state 42
    expressao  go to state 43
    condicao   go to state 66


State 35

   53 valor: EU •

    $default  reduce using rule 53 (valor)


State 36

   54 valor: VOCE •

    $default  reduce using rule 54 (valor)


State 37

   52 valor: TU • MESMO

    MESMO  shift, and go to state 67


State 38

   58 expressao: ARTIGO • SOMAR ENTRE valor E valor
   59          | ARTIGO • SUBTRAIR ENTRE valor E valor
   60          | ARTIGO • MULTIPLICAR ENTRE valor E valor
   61          | ARTIGO • DIVIDIR ENTRE valor E valor

    SOMAR        shift, and go to state 68
    SUBTRAIR     shift, and go to state 69
    DIVIDIR      shift, and go to state 70
    MULTIPLICAR  shift, and go to state 71


State 39

   51 valor: NUMERO •

    $default  reduce using rule 51 (valor)


State 40

   55 valor: O_TAMANHO_DE • texto

    TOKEN  shift, and go to state 8

    texto    go to state 72
    palavra  go to state 21


State 41

   27 texto: texto • NUMERO
   28      | texto • palavra
   56 valor: texto •

    TOKEN   shift, and go to state 8
    NUMERO  shift, and go to state 55

    TOKEN     [reduce using rule 56 (valor)]
    $default  reduce using rule 56 (valor)

    palavra  go to state 56


State 42

   57 expressao: valor •

    $default  reduce using rule 57 (expressao)


State 43

   72 condicao: expressao • FOR MAIOR expressao
   73         | expressao • FOR MAIOR_IGUAL expressao
   74         | expressao • FOR MENOR expressao
   75         | expressao • FOR MENOR_IGUAL expressao
   76         | expressao • FOR IGUAL expressao
   77         | expressao • NAO FOR MENOR expressao
   78         | expressao • NAO FOR MAIOR expressao
   79         | expressao • NAO FOR IGUAL expressao

    NAO  shift, and go to state 73
    FOR  shift, and go to state 74


State 44

   62 if_sentenca: SE condicao • VIRGULA personagem SERA expressao
   63            | SE condicao • VIRGULA personagem IF_MOSTRA_VALOR
   64            | SE condicao • VIRGULA personagem IF_LE_VALOR
   66 if_bloco: SE condicao • VIRGULA texto INICIO $@1 bloco ENDIF

    VIRGULA  shift, and go to state 75


State 45

   46 alteracaoElenco: ABRE_COLCHETES SAEM • personagensSaindo FECHA_COLCHETES

    TOKEN  shift, and go to state 8

    texto              go to state 76
    palavra            go to state 21
    personagensSaindo  go to state 77


State 46

   45 alteracaoElenco: ABRE_COLCHETES ENTRAM • personagensEntrando FECHA_COLCHETES

    TOKEN  shift, and go to state 8

    texto                go to state 78
    palavra              go to state 21
    personagensEntrando  go to state 79


State 47

   47 alteracaoElenco: ABRE_COLCHETES TODOS • SAEM FECHA_COLCHETES

    SAEM  shift, and go to state 80


State 48

   19 declaracaoCenario: ABRE_PARENTESES texto • VIRGULA texto FECHA_PARENTESES
   27 texto: texto • NUMERO
   28      | texto • palavra

    VIRGULA  shift, and go to state 81
    TOKEN    shift, and go to state 8
    NUMERO   shift, and go to state 55

    palavra  go to state 56


State 49

   20 concatenarCenario: ADICIONAR_CENARIO INICIO • texto FIM

    TOKEN  shift, and go to state 8

    texto    go to state 82
    palavra  go to state 21


State 50

   21 substituiCenario: SUBSTITUIR_CENARIO texto • POR texto NO_CENARIO FIM
   27 texto: texto • NUMERO
   28      | texto • palavra

    TOKEN   shift, and go to state 8
    NUMERO  shift, and go to state 55
    POR     shift, and go to state 83

    palavra  go to state 56


State 51

    4 bloco: bloco instrucao •

    $default  reduce using rule 4 (bloco)


State 52

   89 inicioDialogo: texto INICIO •

    $default  reduce using rule 89 (inicioDialogo)


State 53

   23 declaracaoQuestionamento: texto INTERROGACAO • NAO FIM
   24                         | texto INTERROGACAO • SIM FIM
   25                         | texto INTERROGACAO •

    NAO  shift, and go to state 84
    SIM  shift, and go to state 85

    $default  reduce using rule 25 (declaracaoQuestionamento)


State 54

   38 declaracaoInicio: texto VIRGULA •

    $default  reduce using rule 38 (declaracaoInicio)


State 55

   27 texto: texto NUMERO •

    $default  reduce using rule 27 (texto)


State 56

   28 texto: texto palavra •

    $default  reduce using rule 28 (texto)


State 57

   27 texto: texto • NUMERO
   28      | texto • palavra
   37 declaracao: declaracaoInicio texto • FIM

    FIM     shift, and go to state 86
    TOKEN   shift, and go to state 8
    NUMERO  shift, and go to state 55

    palavra  go to state 56


State 58

   40 personagensEntrando: personagensEntrando VIRGULA • texto

    TOKEN  shift, and go to state 8

    texto    go to state 87
    palavra  go to state 21


State 59

   41 personagensEntrando: personagensEntrando E • texto

    TOKEN  shift, and go to state 8

    texto    go to state 88
    palavra  go to state 21


State 60

   62 if_sentenca: SE • condicao VIRGULA personagem SERA expressao
   63            | SE • condicao VIRGULA personagem IF_MOSTRA_VALOR
   64            | SE • condicao VIRGULA personagem IF_LE_VALOR

    EU            shift, and go to state 35
    VOCE          shift, and go to state 36
    TOKEN         shift, and go to state 8
    TU            shift, and go to state 37
    ARTIGO        shift, and go to state 38
    NUMERO        shift, and go to state 39
    O_TAMANHO_DE  shift, and go to state 40

    texto      go to state 41
    palavra    go to state 21
    valor      go to state 42
    expressao  go to state 43
    condicao   go to state 89


State 61

   22 trocarCenario: inicioDialogo VOLTAR_CENARIO • ARTIGO texto FIM

    ARTIGO  shift, and go to state 90


State 62

   80 dialogo: inicioDialogo MOSTRAR_CENARIO •

    $default  reduce using rule 80 (dialogo)


State 63

   27 texto: texto • NUMERO
   28      | texto • palavra
   82 dialogo: inicioDialogo texto • FIM
   83        | inicioDialogo texto • VIRGULA TU EH expressao FIM
   84        | inicioDialogo texto • VIRGULA TU EH adjetivos FIM
   85        | inicioDialogo texto • VIRGULA MOSTRA_VALOR FIM
   86        | inicioDialogo texto • VIRGULA LE_VALOR FIM
   87        | inicioDialogo texto • VIRGULA GUARDE texto INTERIOR FIM
   88        | inicioDialogo texto • VIRGULA LEMBRE texto FIM

    FIM      shift, and go to state 91
    VIRGULA  shift, and go to state 92
    TOKEN    shift, and go to state 8
    NUMERO   shift, and go to state 55

    palavra  go to state 56


State 64

   81 dialogo: inicioDialogo if_sentenca • FIM

    FIM  shift, and go to state 93


State 65

   27 texto: texto • NUMERO
   28      | texto • palavra
   71 while: FACA VIRGULA texto • INICIO $@4 bloco ENQUANTO_COMECO condicao VIRGULA texto FIM

    INICIO  shift, and go to state 94
    TOKEN   shift, and go to state 8
    NUMERO  shift, and go to state 55

    palavra  go to state 56


State 66

   69 while: ENQUANTO_COMECO $@2 condicao • VIRGULA texto INICIO $@3 bloco texto ENQUANTO_FIM FIM

    VIRGULA  shift, and go to state 95


State 67

   52 valor: TU MESMO •

    $default  reduce using rule 52 (valor)


State 68

   58 expressao: ARTIGO SOMAR • ENTRE valor E valor

    ENTRE  shift, and go to state 96


State 69

   59 expressao: ARTIGO SUBTRAIR • ENTRE valor E valor

    ENTRE  shift, and go to state 97


State 70

   61 expressao: ARTIGO DIVIDIR • ENTRE valor E valor

    ENTRE  shift, and go to state 98


State 71

   60 expressao: ARTIGO MULTIPLICAR • ENTRE valor E valor

    ENTRE  shift, and go to state 99


State 72

   27 texto: texto • NUMERO
   28      | texto • palavra
   55 valor: O_TAMANHO_DE texto •

    TOKEN   shift, and go to state 8
    NUMERO  shift, and go to state 55

    TOKEN     [reduce using rule 55 (valor)]
    $default  reduce using rule 55 (valor)

    palavra  go to state 56


State 73

   77 condicao: expressao NAO • FOR MENOR expressao
   78         | expressao NAO • FOR MAIOR expressao
   79         | expressao NAO • FOR IGUAL expressao

    FOR  shift, and go to state 100


State 74

   72 condicao: expressao FOR • MAIOR expressao
   73         | expressao FOR • MAIOR_IGUAL expressao
   74         | expressao FOR • MENOR expressao
   75         | expressao FOR • MENOR_IGUAL expressao
   76         | expressao FOR • IGUAL expressao

    MAIOR        shift, and go to state 101
    MAIOR_IGUAL  shift, and go to state 102
    MENOR        shift, and go to state 103
    MENOR_IGUAL  shift, and go to state 104
    IGUAL        shift, and go to state 105


State 75

   62 if_sentenca: SE condicao VIRGULA • personagem SERA expressao
   63            | SE condicao VIRGULA • personagem IF_MOSTRA_VALOR
   64            | SE condicao VIRGULA • personagem IF_LE_VALOR
   66 if_bloco: SE condicao VIRGULA • texto INICIO $@1 bloco ENDIF

    EU     shift, and go to state 106
    VOCE   shift, and go to state 107
    TOKEN  shift, and go to state 8

    texto       go to state 108
    palavra     go to state 21
    personagem  go to state 109


State 76

   27 texto: texto • NUMERO
   28      | texto • palavra
   42 personagensSaindo: texto •

    TOKEN   shift, and go to state 8
    NUMERO  shift, and go to state 55

    $default  reduce using rule 42 (personagensSaindo)

    palavra  go to state 56


State 77

   43 personagensSaindo: personagensSaindo • VIRGULA texto
   44                  | personagensSaindo • E texto
   46 alteracaoElenco: ABRE_COLCHETES SAEM personagensSaindo • FECHA_COLCHETES

    FECHA_COLCHETES  shift, and go to state 110
    VIRGULA          shift, and go to state 111
    E                shift, and go to state 112


State 78

   27 texto: texto • NUMERO
   28      | texto • palavra
   39 personagensEntrando: texto •

    TOKEN   shift, and go to state 8
    NUMERO  shift, and go to state 55

    $default  reduce using rule 39 (personagensEntrando)

    palavra  go to state 56


State 79

   40 personagensEntrando: personagensEntrando • VIRGULA texto
   41                    | personagensEntrando • E texto
   45 alteracaoElenco: ABRE_COLCHETES ENTRAM personagensEntrando • FECHA_COLCHETES

    FECHA_COLCHETES  shift, and go to state 113
    VIRGULA          shift, and go to state 58
    E                shift, and go to state 59


State 80

   47 alteracaoElenco: ABRE_COLCHETES TODOS SAEM • FECHA_COLCHETES

    FECHA_COLCHETES  shift, and go to state 114


State 81

   19 declaracaoCenario: ABRE_PARENTESES texto VIRGULA • texto FECHA_PARENTESES

    TOKEN  shift, and go to state 8

    texto    go to state 115
    palavra  go to state 21


State 82

   20 concatenarCenario: ADICIONAR_CENARIO INICIO texto • FIM
   27 texto: texto • NUMERO
   28      | texto • palavra

    FIM     shift, and go to state 116
    TOKEN   shift, and go to state 8
    NUMERO  shift, and go to state 55

    palavra  go to state 56


State 83

   21 substituiCenario: SUBSTITUIR_CENARIO texto POR • texto NO_CENARIO FIM

    TOKEN  shift, and go to state 8

    texto    go to state 117
    palavra  go to state 21


State 84

   23 declaracaoQuestionamento: texto INTERROGACAO NAO • FIM

    FIM  shift, and go to state 118


State 85

   24 declaracaoQuestionamento: texto INTERROGACAO SIM • FIM

    FIM  shift, and go to state 119


State 86

   37 declaracao: declaracaoInicio texto FIM •

    $default  reduce using rule 37 (declaracao)


State 87

   27 texto: texto • NUMERO
   28      | texto • palavra
   40 personagensEntrando: personagensEntrando VIRGULA texto •

    TOKEN   shift, and go to state 8
    NUMERO  shift, and go to state 55

    TOKEN     [reduce using rule 40 (personagensEntrando)]
    $default  reduce using rule 40 (personagensEntrando)

    palavra  go to state 56


State 88

   27 texto: texto • NUMERO
   28      | texto • palavra
   41 personagensEntrando: personagensEntrando E texto •

    TOKEN   shift, and go to state 8
    NUMERO  shift, and go to state 55

    TOKEN     [reduce using rule 41 (personagensEntrando)]
    $default  reduce using rule 41 (personagensEntrando)

    palavra  go to state 56


State 89

   62 if_sentenca: SE condicao • VIRGULA personagem SERA expressao
   63            | SE condicao • VIRGULA personagem IF_MOSTRA_VALOR
   64            | SE condicao • VIRGULA personagem IF_LE_VALOR

    VIRGULA  shift, and go to state 120


State 90

   22 trocarCenario: inicioDialogo VOLTAR_CENARIO ARTIGO • texto FIM

    TOKEN  shift, and go to state 8

    texto    go to state 121
    palavra  go to state 21


State 91

   82 dialogo: inicioDialogo texto FIM •

    $default  reduce using rule 82 (dialogo)


State 92

   83 dialogo: inicioDialogo texto VIRGULA • TU EH expressao FIM
   84        | inicioDialogo texto VIRGULA • TU EH adjetivos FIM
   85        | inicioDialogo texto VIRGULA • MOSTRA_VALOR FIM
   86        | inicioDialogo texto VIRGULA • LE_VALOR FIM
   87        | inicioDialogo texto VIRGULA • GUARDE texto INTERIOR FIM
   88        | inicioDialogo texto VIRGULA • LEMBRE texto FIM

    TU            shift, and go to state 122
    MOSTRA_VALOR  shift, and go to state 123
    LE_VALOR      shift, and go to state 124
    GUARDE        shift, and go to state 125
    LEMBRE        shift, and go to state 126


State 93

   81 dialogo: inicioDialogo if_sentenca FIM •

    $default  reduce using rule 81 (dialogo)


State 94

   71 while: FACA VIRGULA texto INICIO • $@4 bloco ENQUANTO_COMECO condicao VIRGULA texto FIM

    $default  reduce using rule 70 ($@4)

    $@4  go to state 127


State 95

   69 while: ENQUANTO_COMECO $@2 condicao VIRGULA • texto INICIO $@3 bloco texto ENQUANTO_FIM FIM

    TOKEN  shift, and go to state 8

    texto    go to state 128
    palavra  go to state 21


State 96

   58 expressao: ARTIGO SOMAR ENTRE • valor E valor

    EU            shift, and go to state 35
    VOCE          shift, and go to state 36
    TOKEN         shift, and go to state 8
    TU            shift, and go to state 37
    NUMERO        shift, and go to state 39
    O_TAMANHO_DE  shift, and go to state 40

    texto    go to state 41
    palavra  go to state 21
    valor    go to state 129


State 97

   59 expressao: ARTIGO SUBTRAIR ENTRE • valor E valor

    EU            shift, and go to state 35
    VOCE          shift, and go to state 36
    TOKEN         shift, and go to state 8
    TU            shift, and go to state 37
    NUMERO        shift, and go to state 39
    O_TAMANHO_DE  shift, and go to state 40

    texto    go to state 41
    palavra  go to state 21
    valor    go to state 130


State 98

   61 expressao: ARTIGO DIVIDIR ENTRE • valor E valor

    EU            shift, and go to state 35
    VOCE          shift, and go to state 36
    TOKEN         shift, and go to state 8
    TU            shift, and go to state 37
    NUMERO        shift, and go to state 39
    O_TAMANHO_DE  shift, and go to state 40

    texto    go to state 41
    palavra  go to state 21
    valor    go to state 131


State 99

   60 expressao: ARTIGO MULTIPLICAR ENTRE • valor E valor

    EU            shift, and go to state 35
    VOCE          shift, and go to state 36
    TOKEN         shift, and go to state 8
    TU            shift, and go to state 37
    NUMERO        shift, and go to state 39
    O_TAMANHO_DE  shift, and go to state 40

    texto    go to state 41
    palavra  go to state 21
    valor    go to state 132


State 100

   77 condicao: expressao NAO FOR • MENOR expressao
   78         | expressao NAO FOR • MAIOR expressao
   79         | expressao NAO FOR • IGUAL expressao

    MAIOR  shift, and go to state 133
    MENOR  shift, and go to state 134
    IGUAL  shift, and go to state 135


State 101

   72 condicao: expressao FOR MAIOR • expressao

    EU            shift, and go to state 35
    VOCE          shift, and go to state 36
    TOKEN         shift, and go to state 8
    TU            shift, and go to state 37
    ARTIGO        shift, and go to state 38
    NUMERO        shift, and go to state 39
    O_TAMANHO_DE  shift, and go to state 40

    texto      go to state 41
    palavra    go to state 21
    valor      go to state 42
    expressao  go to state 136


State 102

   73 condicao: expressao FOR MAIOR_IGUAL • expressao

    EU            shift, and go to state 35
    VOCE          shift, and go to state 36
    TOKEN         shift, and go to state 8
    TU            shift, and go to state 37
    ARTIGO        shift, and go to state 38
    NUMERO        shift, and go to state 39
    O_TAMANHO_DE  shift, and go to state 40

    texto      go to state 41
    palavra    go to state 21
    valor      go to state 42
    expressao  go to state 137


State 103

   74 condicao: expressao FOR MENOR • expressao

    EU            shift, and go to state 35
    VOCE          shift, and go to state 36
    TOKEN         shift, and go to state 8
    TU            shift, and go to state 37
    ARTIGO        shift, and go to state 38
    NUMERO        shift, and go to state 39
    O_TAMANHO_DE  shift, and go to state 40

    texto      go to state 41
    palavra    go to state 21
    valor      go to state 42
    expressao  go to state 138


State 104

   75 condicao: expressao FOR MENOR_IGUAL • expressao

    EU            shift, and go to state 35
    VOCE          shift, and go to state 36
    TOKEN         shift, and go to state 8
    TU            shift, and go to state 37
    ARTIGO        shift, and go to state 38
    NUMERO        shift, and go to state 39
    O_TAMANHO_DE  shift, and go to state 40

    texto      go to state 41
    palavra    go to state 21
    valor      go to state 42
    expressao  go to state 139


State 105

   76 condicao: expressao FOR IGUAL • expressao

    EU            shift, and go to state 35
    VOCE          shift, and go to state 36
    TOKEN         shift, and go to state 8
    TU            shift, and go to state 37
    ARTIGO        shift, and go to state 38
    NUMERO        shift, and go to state 39
    O_TAMANHO_DE  shift, and go to state 40

    texto      go to state 41
    palavra    go to state 21
    valor      go to state 42
    expressao  go to state 140


State 106

   48 personagem: EU •

    $default  reduce using rule 48 (personagem)


State 107

   49 personagem: VOCE •

    $default  reduce using rule 49 (personagem)


State 108

   27 texto: texto • NUMERO
   28      | texto • palavra
   50 personagem: texto •
   66 if_bloco: SE condicao VIRGULA texto • INICIO $@1 bloco ENDIF

    INICIO  shift, and go to state 141
    TOKEN   shift, and go to state 8
    NUMERO  shift, and go to state 55

    $default  reduce using rule 50 (personagem)

    palavra  go to state 56


State 109

   62 if_sentenca: SE condicao VIRGULA personagem • SERA expressao
   63            | SE condicao VIRGULA personagem • IF_MOSTRA_VALOR
   64            | SE condicao VIRGULA personagem • IF_LE_VALOR

    SERA             shift, and go to state 142
    IF_MOSTRA_VALOR  shift, and go to state 143
    IF_LE_VALOR      shift, and go to state 144


State 110

   46 alteracaoElenco: ABRE_COLCHETES SAEM personagensSaindo FECHA_COLCHETES •

    $default  reduce using rule 46 (alteracaoElenco)


State 111

   43 personagensSaindo: personagensSaindo VIRGULA • texto

    TOKEN  shift, and go to state 8

    texto    go to state 145
    palavra  go to state 21


State 112

   44 personagensSaindo: personagensSaindo E • texto

    TOKEN  shift, and go to state 8

    texto    go to state 146
    palavra  go to state 21


State 113

   45 alteracaoElenco: ABRE_COLCHETES ENTRAM personagensEntrando FECHA_COLCHETES •

    $default  reduce using rule 45 (alteracaoElenco)


State 114

   47 alteracaoElenco: ABRE_COLCHETES TODOS SAEM FECHA_COLCHETES •

    $default  reduce using rule 47 (alteracaoElenco)


State 115

   19 declaracaoCenario: ABRE_PARENTESES texto VIRGULA texto • FECHA_PARENTESES
   27 texto: texto • NUMERO
   28      | texto • palavra

    FECHA_PARENTESES  shift, and go to state 147
    TOKEN             shift, and go to state 8
    NUMERO            shift, and go to state 55

    palavra  go to state 56


State 116

   20 concatenarCenario: ADICIONAR_CENARIO INICIO texto FIM •

    $default  reduce using rule 20 (concatenarCenario)


State 117

   21 substituiCenario: SUBSTITUIR_CENARIO texto POR texto • NO_CENARIO FIM
   27 texto: texto • NUMERO
   28      | texto • palavra

    TOKEN       shift, and go to state 8
    NUMERO      shift, and go to state 55
    NO_CENARIO  shift, and go to state 148

    palavra  go to state 56


State 118

   23 declaracaoQuestionamento: texto INTERROGACAO NAO FIM •

    $default  reduce using rule 23 (declaracaoQuestionamento)


State 119

   24 declaracaoQuestionamento: texto INTERROGACAO SIM FIM •

    $default  reduce using rule 24 (declaracaoQuestionamento)


State 120

   62 if_sentenca: SE condicao VIRGULA • personagem SERA expressao
   63            | SE condicao VIRGULA • personagem IF_MOSTRA_VALOR
   64            | SE condicao VIRGULA • personagem IF_LE_VALOR

    EU     shift, and go to state 106
    VOCE   shift, and go to state 107
    TOKEN  shift, and go to state 8

    texto       go to state 149
    palavra     go to state 21
    personagem  go to state 109


State 121

   22 trocarCenario: inicioDialogo VOLTAR_CENARIO ARTIGO texto • FIM
   27 texto: texto • NUMERO
   28      | texto • palavra

    FIM     shift, and go to state 150
    TOKEN   shift, and go to state 8
    NUMERO  shift, and go to state 55

    palavra  go to state 56


State 122

   83 dialogo: inicioDialogo texto VIRGULA TU • EH expressao FIM
   84        | inicioDialogo texto VIRGULA TU • EH adjetivos FIM

    EH  shift, and go to state 151


State 123

   85 dialogo: inicioDialogo texto VIRGULA MOSTRA_VALOR • FIM

    FIM  shift, and go to state 152


State 124

   86 dialogo: inicioDialogo texto VIRGULA LE_VALOR • FIM

    FIM  shift, and go to state 153


State 125

   87 dialogo: inicioDialogo texto VIRGULA GUARDE • texto INTERIOR FIM

    TOKEN  shift, and go to state 8

    texto    go to state 154
    palavra  go to state 21


State 126

   88 dialogo: inicioDialogo texto VIRGULA LEMBRE • texto FIM

    TOKEN  shift, and go to state 8

    texto    go to state 155
    palavra  go to state 21


State 127

   71 while: FACA VIRGULA texto INICIO $@4 • bloco ENQUANTO_COMECO condicao VIRGULA texto FIM

    FACA                shift, and go to state 3
    ENQUANTO_COMECO     shift, and go to state 4
    SE                  shift, and go to state 5
    ABRE_COLCHETES      shift, and go to state 6
    ABRE_PARENTESES     shift, and go to state 7
    TOKEN               shift, and go to state 8
    ADICIONAR_CENARIO   shift, and go to state 9
    SUBSTITUIR_CENARIO  shift, and go to state 10
    ATO                 shift, and go to state 11
    CENA                shift, and go to state 12

    bloco                     go to state 156
    instrucao                 go to state 14
    declaracaoCenario         go to state 15
    concatenarCenario         go to state 16
    substituiCenario          go to state 17
    trocarCenario             go to state 18
    declaracaoQuestionamento  go to state 19
    texto                     go to state 20
    palavra                   go to state 21
    declaracao                go to state 22
    declaracaoInicio          go to state 23
    personagensEntrando       go to state 24
    alteracaoElenco           go to state 25
    if_sentenca               go to state 26
    if_bloco                  go to state 27
    while                     go to state 28
    dialogo                   go to state 29
    inicioDialogo             go to state 30
    ato                       go to state 31
    cena                      go to state 32


State 128

   27 texto: texto • NUMERO
   28      | texto • palavra
   69 while: ENQUANTO_COMECO $@2 condicao VIRGULA texto • INICIO $@3 bloco texto ENQUANTO_FIM FIM

    INICIO  shift, and go to state 157
    TOKEN   shift, and go to state 8
    NUMERO  shift, and go to state 55

    palavra  go to state 56


State 129

   58 expressao: ARTIGO SOMAR ENTRE valor • E valor

    E  shift, and go to state 158


State 130

   59 expressao: ARTIGO SUBTRAIR ENTRE valor • E valor

    E  shift, and go to state 159


State 131

   61 expressao: ARTIGO DIVIDIR ENTRE valor • E valor

    E  shift, and go to state 160


State 132

   60 expressao: ARTIGO MULTIPLICAR ENTRE valor • E valor

    E  shift, and go to state 161


State 133

   78 condicao: expressao NAO FOR MAIOR • expressao

    EU            shift, and go to state 35
    VOCE          shift, and go to state 36
    TOKEN         shift, and go to state 8
    TU            shift, and go to state 37
    ARTIGO        shift, and go to state 38
    NUMERO        shift, and go to state 39
    O_TAMANHO_DE  shift, and go to state 40

    texto      go to state 41
    palavra    go to state 21
    valor      go to state 42
    expressao  go to state 162


State 134

   77 condicao: expressao NAO FOR MENOR • expressao

    EU            shift, and go to state 35
    VOCE          shift, and go to state 36
    TOKEN         shift, and go to state 8
    TU            shift, and go to state 37
    ARTIGO        shift, and go to state 38
    NUMERO        shift, and go to state 39
    O_TAMANHO_DE  shift, and go to state 40

    texto      go to state 41
    palavra    go to state 21
    valor      go to state 42
    expressao  go to state 163


State 135

   79 condicao: expressao NAO FOR IGUAL • expressao

    EU            shift, and go to state 35
    VOCE          shift, and go to state 36
    TOKEN         shift, and go to state 8
    TU            shift, and go to state 37
    ARTIGO        shift, and go to state 38
    NUMERO        shift, and go to state 39
    O_TAMANHO_DE  shift, and go to state 40

    texto      go to state 41
    palavra    go to state 21
    valor      go to state 42
    expressao  go to state 164


State 136

   72 condicao: expressao FOR MAIOR expressao •

    $default  reduce using rule 72 (condicao)


State 137

   73 condicao: expressao FOR MAIOR_IGUAL expressao •

    $default  reduce using rule 73 (condicao)


State 138

   74 condicao: expressao FOR MENOR expressao •

    $default  reduce using rule 74 (condicao)


State 139

   75 condicao: expressao FOR MENOR_IGUAL expressao •

    $default  reduce using rule 75 (condicao)


State 140

   76 condicao: expressao FOR IGUAL expressao •

    $default  reduce using rule 76 (condicao)


State 141

   66 if_bloco: SE condicao VIRGULA texto INICIO • $@1 bloco ENDIF

    $default  reduce using rule 65 ($@1)

    $@1  go to state 165


State 142

   62 if_sentenca: SE condicao VIRGULA personagem SERA • expressao

    EU            shift, and go to state 35
    VOCE          shift, and go to state 36
    TOKEN         shift, and go to state 8
    TU            shift, and go to state 37
    ARTIGO        shift, and go to state 38
    NUMERO        shift, and go to state 39
    O_TAMANHO_DE  shift, and go to state 40

    texto      go to state 41
    palavra    go to state 21
    valor      go to state 42
    expressao  go to state 166


State 143

   63 if_sentenca: SE condicao VIRGULA personagem IF_MOSTRA_VALOR •

    $default  reduce using rule 63 (if_sentenca)


State 144

   64 if_sentenca: SE condicao VIRGULA personagem IF_LE_VALOR •

    $default  reduce using rule 64 (if_sentenca)


State 145

   27 texto: texto • NUMERO
   28      | texto • palavra
   43 personagensSaindo: personagensSaindo VIRGULA texto •

    TOKEN   shift, and go to state 8
    NUMERO  shift, and go to state 55

    $default  reduce using rule 43 (personagensSaindo)

    palavra  go to state 56


State 146

   27 texto: texto • NUMERO
   28      | texto • palavra
   44 personagensSaindo: personagensSaindo E texto •

    TOKEN   shift, and go to state 8
    NUMERO  shift, and go to state 55

    $default  reduce using rule 44 (personagensSaindo)

    palavra  go to state 56


State 147

   19 declaracaoCenario: ABRE_PARENTESES texto VIRGULA texto FECHA_PARENTESES •

    $default  reduce using rule 19 (declaracaoCenario)


State 148

   21 substituiCenario: SUBSTITUIR_CENARIO texto POR texto NO_CENARIO • FIM

    FIM  shift, and go to state 167


State 149

   27 texto: texto • NUMERO
   28      | texto • palavra
   50 personagem: texto •

    TOKEN   shift, and go to state 8
    NUMERO  shift, and go to state 55

    $default  reduce using rule 50 (personagem)

    palavra  go to state 56


State 150

   22 trocarCenario: inicioDialogo VOLTAR_CENARIO ARTIGO texto FIM •

    $default  reduce using rule 22 (trocarCenario)


State 151

   83 dialogo: inicioDialogo texto VIRGULA TU EH • expressao FIM
   84        | inicioDialogo texto VIRGULA TU EH • adjetivos FIM

    EU                 shift, and go to state 35
    VOCE               shift, and go to state 36
    TOKEN              shift, and go to state 168
    ADJETIVO_POSITIVO  shift, and go to state 169
    ADJETIVO_NEGATIVO  shift, and go to state 170
    TU                 shift, and go to state 37
    ARTIGO             shift, and go to state 38
    NUMERO             shift, and go to state 39
    O_TAMANHO_DE       shift, and go to state 40

    texto      go to state 41
    palavra    go to state 21
    adjetivos  go to state 171
    valor      go to state 42
    expressao  go to state 172


State 152

   85 dialogo: inicioDialogo texto VIRGULA MOSTRA_VALOR FIM •

    $default  reduce using rule 85 (dialogo)


State 153

   86 dialogo: inicioDialogo texto VIRGULA LE_VALOR FIM •

    $default  reduce using rule 86 (dialogo)


State 154

   27 texto: texto • NUMERO
   28      | texto • palavra
   87 dialogo: inicioDialogo texto VIRGULA GUARDE texto • INTERIOR FIM

    TOKEN     shift, and go to state 8
    NUMERO    shift, and go to state 55
    INTERIOR  shift, and go to state 173

    palavra  go to state 56


State 155

   27 texto: texto • NUMERO
   28      | texto • palavra
   88 dialogo: inicioDialogo texto VIRGULA LEMBRE texto • FIM

    FIM     shift, and go to state 174
    TOKEN   shift, and go to state 8
    NUMERO  shift, and go to state 55

    palavra  go to state 56


State 156

    4 bloco: bloco • instrucao
   71 while: FACA VIRGULA texto INICIO $@4 bloco • ENQUANTO_COMECO condicao VIRGULA texto FIM

    FACA                shift, and go to state 3
    ENQUANTO_COMECO     shift, and go to state 175
    SE                  shift, and go to state 5
    ABRE_COLCHETES      shift, and go to state 6
    ABRE_PARENTESES     shift, and go to state 7
    TOKEN               shift, and go to state 8
    ADICIONAR_CENARIO   shift, and go to state 9
    SUBSTITUIR_CENARIO  shift, and go to state 10
    ATO                 shift, and go to state 11
    CENA                shift, and go to state 12

    instrucao                 go to state 51
    declaracaoCenario         go to state 15
    concatenarCenario         go to state 16
    substituiCenario          go to state 17
    trocarCenario             go to state 18
    declaracaoQuestionamento  go to state 19
    texto                     go to state 20
    palavra                   go to state 21
    declaracao                go to state 22
    declaracaoInicio          go to state 23
    personagensEntrando       go to state 24
    alteracaoElenco           go to state 25
    if_sentenca               go to state 26
    if_bloco                  go to state 27
    while                     go to state 28
    dialogo                   go to state 29
    inicioDialogo             go to state 30
    ato                       go to state 31
    cena                      go to state 32


State 157

   69 while: ENQUANTO_COMECO $@2 condicao VIRGULA texto INICIO • $@3 bloco texto ENQUANTO_FIM FIM

    $default  reduce using rule 68 ($@3)

    $@3  go to state 176


State 158

   58 expressao: ARTIGO SOMAR ENTRE valor E • valor

    EU            shift, and go to state 35
    VOCE          shift, and go to state 36
    TOKEN         shift, and go to state 8
    TU            shift, and go to state 37
    NUMERO        shift, and go to state 39
    O_TAMANHO_DE  shift, and go to state 40

    texto    go to state 41
    palavra  go to state 21
    valor    go to state 177


State 159

   59 expressao: ARTIGO SUBTRAIR ENTRE valor E • valor

    EU            shift, and go to state 35
    VOCE          shift, and go to state 36
    TOKEN         shift, and go to state 8
    TU            shift, and go to state 37
    NUMERO        shift, and go to state 39
    O_TAMANHO_DE  shift, and go to state 40

    texto    go to state 41
    palavra  go to state 21
    valor    go to state 178


State 160

   61 expressao: ARTIGO DIVIDIR ENTRE valor E • valor

    EU            shift, and go to state 35
    VOCE          shift, and go to state 36
    TOKEN         shift, and go to state 8
    TU            shift, and go to state 37
    NUMERO        shift, and go to state 39
    O_TAMANHO_DE  shift, and go to state 40

    texto    go to state 41
    palavra  go to state 21
    valor    go to state 179


State 161

   60 expressao: ARTIGO MULTIPLICAR ENTRE valor E • valor

    EU            shift, and go to state 35
    VOCE          shift, and go to state 36
    TOKEN         shift, and go to state 8
    TU            shift, and go to state 37
    NUMERO        shift, and go to state 39
    O_TAMANHO_DE  shift, and go to state 40

    texto    go to state 41
    palavra  go to state 21
    valor    go to state 180


State 162

   78 condicao: expressao NAO FOR MAIOR expressao •

    $default  reduce using rule 78 (condicao)


State 163

   77 condicao: expressao NAO FOR MENOR expressao •

    $default  reduce using rule 77 (condicao)


State 164

   79 condicao: expressao NAO FOR IGUAL expressao •

    $default  reduce using rule 79 (condicao)


State 165

   66 if_bloco: SE condicao VIRGULA texto INICIO $@1 • bloco ENDIF

    FACA                shift, and go to state 3
    ENQUANTO_COMECO     shift, and go to state 4
    SE                  shift, and go to state 5
    ABRE_COLCHETES      shift, and go to state 6
    ABRE_PARENTESES     shift, and go to state 7
    TOKEN               shift, and go to state 8
    ADICIONAR_CENARIO   shift, and go to state 9
    SUBSTITUIR_CENARIO  shift, and go to state 10
    ATO                 shift, and go to state 11
    CENA                shift, and go to state 12

    bloco                     go to state 181
    instrucao                 go to state 14
    declaracaoCenario         go to state 15
    concatenarCenario         go to state 16
    substituiCenario          go to state 17
    trocarCenario             go to state 18
    declaracaoQuestionamento  go to state 19
    texto                     go to state 20
    palavra                   go to state 21
    declaracao                go to state 22
    declaracaoInicio          go to state 23
    personagensEntrando       go to state 24
    alteracaoElenco           go to state 25
    if_sentenca               go to state 26
    if_bloco                  go to state 27
    while                     go to state 28
    dialogo                   go to state 29
    inicioDialogo             go to state 30
    ato                       go to state 31
    cena                      go to state 32


State 166

   62 if_sentenca: SE condicao VIRGULA personagem SERA expressao •

    $default  reduce using rule 62 (if_sentenca)


State 167

   21 substituiCenario: SUBSTITUIR_CENARIO texto POR texto NO_CENARIO FIM •

    $default  reduce using rule 21 (substituiCenario)


State 168

   29 palavra: TOKEN •
   32 adjetivos: TOKEN •

    FIM                reduce using rule 29 (palavra)
    FIM                [reduce using rule 32 (adjetivos)]
    TOKEN              reduce using rule 29 (palavra)
    TOKEN              [reduce using rule 32 (adjetivos)]
    ADJETIVO_POSITIVO  reduce using rule 32 (adjetivos)
    ADJETIVO_NEGATIVO  reduce using rule 32 (adjetivos)
    ENTRE              reduce using rule 32 (adjetivos)
    $default           reduce using rule 29 (palavra)


State 169

   30 adjetivos: ADJETIVO_POSITIVO •

    $default  reduce using rule 30 (adjetivos)


State 170

   31 adjetivos: ADJETIVO_NEGATIVO •

    $default  reduce using rule 31 (adjetivos)


State 171

   33 adjetivos: adjetivos • ADJETIVO_POSITIVO
   34          | adjetivos • ADJETIVO_NEGATIVO
   35          | adjetivos • TOKEN
   36          | adjetivos • ENTRE
   84 dialogo: inicioDialogo texto VIRGULA TU EH adjetivos • FIM

    FIM                shift, and go to state 182
    TOKEN              shift, and go to state 183
    ADJETIVO_POSITIVO  shift, and go to state 184
    ADJETIVO_NEGATIVO  shift, and go to state 185
    ENTRE              shift, and go to state 186


State 172

   83 dialogo: inicioDialogo texto VIRGULA TU EH expressao • FIM

    FIM  shift, and go to state 187


State 173

   87 dialogo: inicioDialogo texto VIRGULA GUARDE texto INTERIOR • FIM

    FIM  shift, and go to state 188


State 174

   88 dialogo: inicioDialogo texto VIRGULA LEMBRE texto FIM •

    $default  reduce using rule 88 (dialogo)


State 175

   69 while: ENQUANTO_COMECO • $@2 condicao VIRGULA texto INICIO $@3 bloco texto ENQUANTO_FIM FIM
   71      | FACA VIRGULA texto INICIO $@4 bloco ENQUANTO_COMECO • condicao VIRGULA texto FIM

    EU            shift, and go to state 35
    VOCE          shift, and go to state 36
    TOKEN         shift, and go to state 8
    TU            shift, and go to state 37
    ARTIGO        shift, and go to state 38
    NUMERO        shift, and go to state 39
    O_TAMANHO_DE  shift, and go to state 40

    EU            [reduce using rule 67 ($@2)]
    VOCE          [reduce using rule 67 ($@2)]
    TOKEN         [reduce using rule 67 ($@2)]
    TU            [reduce using rule 67 ($@2)]
    ARTIGO        [reduce using rule 67 ($@2)]
    NUMERO        [reduce using rule 67 ($@2)]
    O_TAMANHO_DE  [reduce using rule 67 ($@2)]

    texto      go to state 41
    palavra    go to state 21
    valor      go to state 42
    expressao  go to state 43
    $@2        go to state 34
    condicao   go to state 189


State 176

   69 while: ENQUANTO_COMECO $@2 condicao VIRGULA texto INICIO $@3 • bloco texto ENQUANTO_FIM FIM

    FACA                shift, and go to state 3
    ENQUANTO_COMECO     shift, and go to state 4
    SE                  shift, and go to state 5
    ABRE_COLCHETES      shift, and go to state 6
    ABRE_PARENTESES     shift, and go to state 7
    TOKEN               shift, and go to state 8
    ADICIONAR_CENARIO   shift, and go to state 9
    SUBSTITUIR_CENARIO  shift, and go to state 10
    ATO                 shift, and go to state 11
    CENA                shift, and go to state 12

    bloco                     go to state 190
    instrucao                 go to state 14
    declaracaoCenario         go to state 15
    concatenarCenario         go to state 16
    substituiCenario          go to state 17
    trocarCenario             go to state 18
    declaracaoQuestionamento  go to state 19
    texto                     go to state 20
    palavra                   go to state 21
    declaracao                go to state 22
    declaracaoInicio          go to state 23
    personagensEntrando       go to state 24
    alteracaoElenco           go to state 25
    if_sentenca               go to state 26
    if_bloco                  go to state 27
    while                     go to state 28
    dialogo                   go to state 29
    inicioDialogo             go to state 30
    ato                       go to state 31
    cena                      go to state 32


State 177

   58 expressao: ARTIGO SOMAR ENTRE valor E valor •

    $default  reduce using rule 58 (expressao)


State 178

   59 expressao: ARTIGO SUBTRAIR ENTRE valor E valor •

    $default  reduce using rule 59 (expressao)


State 179

   61 expressao: ARTIGO DIVIDIR ENTRE valor E valor •

    $default  reduce using rule 61 (expressao)


State 180

   60 expressao: ARTIGO MULTIPLICAR ENTRE valor E valor •

    $default  reduce using rule 60 (expressao)


State 181

    4 bloco: bloco • instrucao
   66 if_bloco: SE condicao VIRGULA texto INICIO $@1 bloco • ENDIF

    FACA                shift, and go to state 3
    ENDIF               shift, and go to state 191
    ENQUANTO_COMECO     shift, and go to state 4
    SE                  shift, and go to state 5
    ABRE_COLCHETES      shift, and go to state 6
    ABRE_PARENTESES     shift, and go to state 7
    TOKEN               shift, and go to state 8
    ADICIONAR_CENARIO   shift, and go to state 9
    SUBSTITUIR_CENARIO  shift, and go to state 10
    ATO                 shift, and go to state 11
    CENA                shift, and go to state 12

    instrucao                 go to state 51
    declaracaoCenario         go to state 15
    concatenarCenario         go to state 16
    substituiCenario          go to state 17
    trocarCenario             go to state 18
    declaracaoQuestionamento  go to state 19
    texto                     go to state 20
    palavra                   go to state 21
    declaracao                go to state 22
    declaracaoInicio          go to state 23
    personagensEntrando       go to state 24
    alteracaoElenco           go to state 25
    if_sentenca               go to state 26
    if_bloco                  go to state 27
    while                     go to state 28
    dialogo                   go to state 29
    inicioDialogo             go to state 30
    ato                       go to state 31
    cena                      go to state 32


State 182

   84 dialogo: inicioDialogo texto VIRGULA TU EH adjetivos FIM •

    $default  reduce using rule 84 (dialogo)


State 183

   35 adjetivos: adjetivos TOKEN •

    $default  reduce using rule 35 (adjetivos)


State 184

   33 adjetivos: adjetivos ADJETIVO_POSITIVO •

    $default  reduce using rule 33 (adjetivos)


State 185

   34 adjetivos: adjetivos ADJETIVO_NEGATIVO •

    $default  reduce using rule 34 (adjetivos)


State 186

   36 adjetivos: adjetivos ENTRE •

    $default  reduce using rule 36 (adjetivos)


State 187

   83 dialogo: inicioDialogo texto VIRGULA TU EH expressao FIM •

    $default  reduce using rule 83 (dialogo)


State 188

   87 dialogo: inicioDialogo texto VIRGULA GUARDE texto INTERIOR FIM •

    $default  reduce using rule 87 (dialogo)


State 189

   71 while: FACA VIRGULA texto INICIO $@4 bloco ENQUANTO_COMECO condicao • VIRGULA texto FIM

    VIRGULA  shift, and go to state 192


State 190

    4 bloco: bloco • instrucao
   69 while: ENQUANTO_COMECO $@2 condicao VIRGULA texto INICIO $@3 bloco • texto ENQUANTO_FIM FIM

    FACA                shift, and go to state 3
    ENQUANTO_COMECO     shift, and go to state 4
    SE                  shift, and go to state 5
    ABRE_COLCHETES      shift, and go to state 6
    ABRE_PARENTESES     shift, and go to state 7
    TOKEN               shift, and go to state 8
    ADICIONAR_CENARIO   shift, and go to state 9
    SUBSTITUIR_CENARIO  shift, and go to state 10
    ATO                 shift, and go to state 11
    CENA                shift, and go to state 12

    instrucao                 go to state 51
    declaracaoCenario         go to state 15
    concatenarCenario         go to state 16
    substituiCenario          go to state 17
    trocarCenario             go to state 18
    declaracaoQuestionamento  go to state 19
    texto                     go to state 193
    palavra                   go to state 21
    declaracao                go to state 22
    declaracaoInicio          go to state 23
    personagensEntrando       go to state 24
    alteracaoElenco           go to state 25
    if_sentenca               go to state 26
    if_bloco                  go to state 27
    while                     go to state 28
    dialogo                   go to state 29
    inicioDialogo             go to state 30
    ato                       go to state 31
    cena                      go to state 32


State 191

   66 if_bloco: SE condicao VIRGULA texto INICIO $@1 bloco ENDIF •

    $default  reduce using rule 66 (if_bloco)


State 192

   71 while: FACA VIRGULA texto INICIO $@4 bloco ENQUANTO_COMECO condicao VIRGULA • texto FIM

    TOKEN  shift, and go to state 8

    texto    go to state 194
    palavra  go to state 21


State 193

   23 declaracaoQuestionamento: texto • INTERROGACAO NAO FIM
   24                         | texto • INTERROGACAO SIM FIM
   25                         | texto • INTERROGACAO
   27 texto: texto • NUMERO
   28      | texto • palavra
   38 declaracaoInicio: texto • VIRGULA
   39 personagensEntrando: texto •
   69 while: ENQUANTO_COMECO $@2 condicao VIRGULA texto INICIO $@3 bloco texto • ENQUANTO_FIM FIM
   89 inicioDialogo: texto • INICIO

    ENQUANTO_FIM  shift, and go to state 195
    INICIO        shift, and go to state 52
    INTERROGACAO  shift, and go to state 53
    VIRGULA       shift, and go to state 54
    TOKEN         shift, and go to state 8
    NUMERO        shift, and go to state 55

    VIRGULA   [reduce using rule 39 (personagensEntrando)]
    TOKEN     [reduce using rule 39 (personagensEntrando)]
    $default  reduce using rule 39 (personagensEntrando)

    palavra  go to state 56


State 194

   27 texto: texto • NUMERO
   28      | texto • palavra
   71 while: FACA VIRGULA texto INICIO $@4 bloco ENQUANTO_COMECO condicao VIRGULA texto • FIM

    FIM     shift, and go to state 196
    TOKEN   shift, and go to state 8
    NUMERO  shift, and go to state 55

    palavra  go to state 56


State 195

   69 while: ENQUANTO_COMECO $@2 condicao VIRGULA texto INICIO $@3 bloco texto ENQUANTO_FIM • FIM

    FIM  shift, and go to state 197


State 196

   71 while: FACA VIRGULA texto INICIO $@4 bloco ENQUANTO_COMECO condicao VIRGULA texto FIM •

    $default  reduce using rule 71 (while)


State 197

   69 while: ENQUANTO_COMECO $@2 condicao VIRGULA texto INICIO $@3 bloco texto ENQUANTO_FIM FIM •

    $default  reduce using rule 69 (while)
